Determining if the pthread_create exist failed with the following output:
Change Dir: /home/visar/Documents/NTNU/Courses/Graphics Programming/Exercise/Camera/build/CMakeFiles/CMakeTmp

Run Build Command(s):/usr/bin/make cmTC_5cde9/fast 
/usr/bin/make -f CMakeFiles/cmTC_5cde9.dir/build.make CMakeFiles/cmTC_5cde9.dir/build
make[1]: Entering directory '/home/visar/Documents/NTNU/Courses/Graphics Programming/Exercise/Camera/build/CMakeFiles/CMakeTmp'
Building C object CMakeFiles/cmTC_5cde9.dir/CheckSymbolExists.c.o
/usr/bin/cc    -o CMakeFiles/cmTC_5cde9.dir/CheckSymbolExists.c.o   -c "/home/visar/Documents/NTNU/Courses/Graphics Programming/Exercise/Camera/build/CMakeFiles/CMakeTmp/CheckSymbolExists.c"
Linking C executable cmTC_5cde9
/usr/bin/cmake -E cmake_link_script CMakeFiles/cmTC_5cde9.dir/link.txt --verbose=1
/usr/bin/cc      -rdynamic CMakeFiles/cmTC_5cde9.dir/CheckSymbolExists.c.o  -o cmTC_5cde9 
CMakeFiles/cmTC_5cde9.dir/CheckSymbolExists.c.o: In function `main':
CheckSymbolExists.c:(.text+0x1b): undefined reference to `pthread_create'
collect2: error: ld returned 1 exit status
CMakeFiles/cmTC_5cde9.dir/build.make:86: recipe for target 'cmTC_5cde9' failed
make[1]: *** [cmTC_5cde9] Error 1
make[1]: Leaving directory '/home/visar/Documents/NTNU/Courses/Graphics Programming/Exercise/Camera/build/CMakeFiles/CMakeTmp'
Makefile:121: recipe for target 'cmTC_5cde9/fast' failed
make: *** [cmTC_5cde9/fast] Error 2

File /home/visar/Documents/NTNU/Courses/Graphics Programming/Exercise/Camera/build/CMakeFiles/CMakeTmp/CheckSymbolExists.c:
/* */
#include <pthread.h>

int main(int argc, char** argv)
{
  (void)argv;
#ifndef pthread_create
  return ((int*)(&pthread_create))[argc];
#else
  (void)argc;
  return 0;
#endif
}

Determining if the function pthread_create exists in the pthreads failed with the following output:
Change Dir: /home/visar/Documents/NTNU/Courses/Graphics Programming/Exercise/Camera/build/CMakeFiles/CMakeTmp

Run Build Command(s):/usr/bin/make cmTC_99943/fast 
/usr/bin/make -f CMakeFiles/cmTC_99943.dir/build.make CMakeFiles/cmTC_99943.dir/build
make[1]: Entering directory '/home/visar/Documents/NTNU/Courses/Graphics Programming/Exercise/Camera/build/CMakeFiles/CMakeTmp'
Building C object CMakeFiles/cmTC_99943.dir/CheckFunctionExists.c.o
/usr/bin/cc   -DCHECK_FUNCTION_EXISTS=pthread_create   -o CMakeFiles/cmTC_99943.dir/CheckFunctionExists.c.o   -c /usr/share/cmake-3.14/Modules/CheckFunctionExists.c
Linking C executable cmTC_99943
/usr/bin/cmake -E cmake_link_script CMakeFiles/cmTC_99943.dir/link.txt --verbose=1
/usr/bin/cc  -DCHECK_FUNCTION_EXISTS=pthread_create    -rdynamic CMakeFiles/cmTC_99943.dir/CheckFunctionExists.c.o  -o cmTC_99943 -lpthreads 
/usr/bin/ld: cannot find -lpthreads
collect2: error: ld returned 1 exit status
CMakeFiles/cmTC_99943.dir/build.make:86: recipe for target 'cmTC_99943' failed
make[1]: *** [cmTC_99943] Error 1
make[1]: Leaving directory '/home/visar/Documents/NTNU/Courses/Graphics Programming/Exercise/Camera/build/CMakeFiles/CMakeTmp'
Makefile:121: recipe for target 'cmTC_99943/fast' failed
make: *** [cmTC_99943/fast] Error 2


